[2016-11-09 01:53:05.908] [ERROR] nomel - GET /common/images/favicon.ico
[2016-11-09 01:53:17.770] [ERROR] nomel - GET /javascripts/jquery.min.map
[2016-11-09 01:53:24.995] [ERROR] nomel - GET /common/images/favicon.ico
[2016-11-09 01:53:25.287] [ERROR] nomel - GET /favicon.ico
[2016-11-09 01:54:24.115] [ERROR] nomel - GET /javascripts/jquery.min.map
[2016-11-09 01:57:03.757] [ERROR] nomel - GET /javascripts/jquery.min.map
[2016-11-09 01:57:04.345] [ERROR] nomel - GET /angularjs/angular-sanitize.min.js.map
[2016-11-09 01:57:04.348] [ERROR] nomel - GET /angularjs/angular-resource.min.js.map
[2016-11-09 13:39:11.907] [ERROR] nomel - GET /javascripts/jquery.min.map
[2016-11-09 13:39:25.240] [ERROR] nomel - GET /javascripts/jquery.min.map
[2016-11-09 13:39:25.624] [ERROR] nomel - GET /angularjs/angular-sanitize.min.js.map
[2016-11-09 13:39:25.629] [ERROR] nomel - GET /angularjs/angular-resource.min.js.map
[2016-11-09 13:47:01.528] [ERROR] nomel - GET /javascripts/jquery.min.map
[2016-11-09 13:48:22.227] [ERROR] nomel - GET /javascripts/jquery.min.map
[2016-11-09 13:48:22.377] [ERROR] nomel - GET /angularjs/angular-sanitize.min.js.map
[2016-11-09 13:48:22.378] [ERROR] nomel - GET /angularjs/angular-resource.min.js.map
[2016-11-09 13:50:07.285] [ERROR] nomel - GET /register
[2016-11-09 13:50:46.626] [ERROR] nomel - GET /javascripts/jquery.min.map
[2016-11-09 13:51:04.267] [ERROR] nomel - GET /register
[2016-11-09 13:53:22.597] [ERROR] nomel - GET /javascripts/jquery.min.map
[2016-11-09 13:55:11.742] [ERROR] nomel - GET /javascripts/jquery.min.map
[2016-11-09 13:59:12.669] [ERROR] nomel - GET /javascripts/jquery.min.map
[2016-11-09 13:59:37.796] [ERROR] nomel - GET /javascripts/jquery.min.map
[2016-11-09 14:32:16.157] [ERROR] nomel - GET /javascripts/jquery.min.map
[2016-11-09 14:34:12.947] [ERROR] nomel - GET /javascripts/jquery.min.map
[2016-11-09 14:35:44.062] [ERROR] nomel - GET /javascripts/jquery.min.map
[2016-11-09 14:36:38.508] [ERROR] nomel - GET /javascripts/jquery.min.map
[2016-11-09 14:36:39.018] [ERROR] nomel - GET /angularjs/angular-sanitize.min.js.map
[2016-11-09 14:36:39.020] [ERROR] nomel - GET /angularjs/angular-resource.min.js.map
[2016-11-09 14:38:51.358] [ERROR] nomel - GET /javascripts/jquery.min.map
[2016-11-09 14:39:03.401] [ERROR] nomel - GET /javascripts/jquery.min.map
[2016-11-09 14:39:03.573] [ERROR] nomel - GET /angularjs/angular-sanitize.min.js.map
[2016-11-09 14:39:03.575] [ERROR] nomel - GET /angularjs/angular-resource.min.js.map
[2016-11-09 14:48:37.640] [ERROR] nomel - GET /javascripts/jquery.min.map
[2016-11-09 14:48:43.064] [ERROR] nomel - GET /javascripts/jquery.min.map
[2016-11-09 14:48:43.474] [ERROR] nomel - GET /angularjs/angular-sanitize.min.js.map
[2016-11-09 14:48:43.474] [ERROR] nomel - GET /angularjs/angular-resource.min.js.map
[2016-11-09 15:32:37.969] [ERROR] nomel - GET /javascripts/jquery.min.map
[2016-11-09 15:32:42.934] [ERROR] nomel - GET /javascripts/jquery.min.map
[2016-11-09 15:32:43.300] [ERROR] nomel - GET /angularjs/angular-sanitize.min.js.map
[2016-11-09 15:32:43.305] [ERROR] nomel - GET /angularjs/angular-resource.min.js.map
[2016-11-09 15:44:24.951] [ERROR] nomel - GET /javascripts/jquery.min.map
[2016-11-09 15:44:29.526] [ERROR] nomel - GET /javascripts/jquery.min.map
[2016-11-09 15:44:29.527] [ERROR] nomel - GET /angularjs/angular-sanitize.min.js.map
[2016-11-09 15:44:29.527] [ERROR] nomel - GET /angularjs/angular-resource.min.js.map
[2016-11-09 15:47:48.756] [ERROR] nomel - GET /addDriverScedule.html
[2016-11-09 15:50:56.664] [ERROR] nomel - GET /javascripts/jquery.min.map
[2016-11-09 15:50:56.682] [ERROR] nomel - GET /angularjs/angular-sanitize.min.js.map
[2016-11-09 15:50:56.685] [ERROR] nomel - GET /angularjs/angular-resource.min.js.map
[2016-11-09 15:51:37.497] [ERROR] nomel - GET /javascripts/jquery.min.map
[2016-11-09 15:51:37.768] [ERROR] nomel - GET /angularjs/angular-sanitize.min.js.map
[2016-11-09 15:51:37.775] [ERROR] nomel - GET /angularjs/angular-resource.min.js.map
[2016-11-09 15:52:41.306] [ERROR] nomel - GET /javascripts/jquery.min.map
[2016-11-09 15:52:45.581] [ERROR] nomel - GET /javascripts/jquery.min.map
[2016-11-09 15:52:45.804] [ERROR] nomel - GET /angularjs/angular-sanitize.min.js.map
[2016-11-09 15:52:45.805] [ERROR] nomel - GET /angularjs/angular-resource.min.js.map
[2016-11-09 15:53:55.266] [ERROR] nomel - GET /javascripts/jquery.min.map
[2016-11-09 15:53:59.185] [ERROR] nomel - GET /javascripts/jquery.min.map
[2016-11-09 15:53:59.593] [ERROR] nomel - GET /angularjs/angular-sanitize.min.js.map
[2016-11-09 15:53:59.597] [ERROR] nomel - GET /angularjs/angular-resource.min.js.map
[2016-11-09 15:54:40.330] [ERROR] nomel - GET /javascripts/jquery.min.map
[2016-11-09 15:54:40.888] [ERROR] nomel - GET /angularjs/angular-sanitize.min.js.map
[2016-11-09 15:54:40.892] [ERROR] nomel - GET /angularjs/angular-resource.min.js.map
[2016-11-09 15:55:26.064] [ERROR] nomel - GET /javascripts/jquery.min.map
[2016-11-09 15:55:31.050] [ERROR] nomel - GET /javascripts/jquery.min.map
[2016-11-09 15:55:31.399] [ERROR] nomel - GET /angularjs/angular-sanitize.min.js.map
[2016-11-09 15:55:31.403] [ERROR] nomel - GET /angularjs/angular-resource.min.js.map
[2016-11-09 15:56:26.427] [ERROR] nomel - GET /javascripts/jquery.min.map
[2016-11-09 15:56:26.427] [ERROR] nomel - GET /angularjs/angular-sanitize.min.js.map
[2016-11-09 15:56:26.450] [ERROR] nomel - GET /angularjs/angular-resource.min.js.map
[2016-11-09 15:56:54.705] [ERROR] nomel - GET /javascripts/jquery.min.map
[2016-11-09 15:56:59.370] [ERROR] nomel - GET /javascripts/jquery.min.map
[2016-11-09 15:56:59.408] [ERROR] nomel - GET /angularjs/angular-sanitize.min.js.map
[2016-11-09 15:56:59.409] [ERROR] nomel - GET /angularjs/angular-resource.min.js.map
[2016-11-09 15:59:38.829] [ERROR] nomel - GET /javascripts/jquery.min.map
[2016-11-09 15:59:43.654] [ERROR] nomel - GET /javascripts/jquery.min.map
[2016-11-09 15:59:44.017] [ERROR] nomel - GET /angularjs/angular-sanitize.min.js.map
[2016-11-09 15:59:44.032] [ERROR] nomel - GET /angularjs/angular-resource.min.js.map
[2016-11-09 16:03:25.775] [ERROR] nomel - GET /javascripts/jquery.min.map
[2016-11-09 16:03:30.926] [ERROR] nomel - GET /javascripts/jquery.min.map
[2016-11-09 16:03:31.279] [ERROR] nomel - GET /angularjs/angular-sanitize.min.js.map
[2016-11-09 16:03:31.283] [ERROR] nomel - GET /angularjs/angular-resource.min.js.map
[2016-11-09 16:03:53.688] [ERROR] nomel - GET /javascripts/jquery.min.map
[2016-11-09 16:03:53.991] [ERROR] nomel - GET /angularjs/angular-sanitize.min.js.map
[2016-11-09 16:03:53.996] [ERROR] nomel - GET /angularjs/angular-resource.min.js.map
[2016-11-09 16:04:10.770] [ERROR] nomel - GET /javascripts/jquery.min.map
[2016-11-09 16:04:11.165] [ERROR] nomel - GET /angularjs/angular-sanitize.min.js.map
[2016-11-09 16:04:11.168] [ERROR] nomel - GET /angularjs/angular-resource.min.js.map
[2016-11-09 16:04:27.896] [ERROR] nomel - GET /javascripts/jquery.min.map
[2016-11-09 16:04:28.214] [ERROR] nomel - GET /angularjs/angular-sanitize.min.js.map
[2016-11-09 16:04:28.219] [ERROR] nomel - GET /angularjs/angular-resource.min.js.map
[2016-11-09 16:05:17.190] [ERROR] nomel - GET /javascripts/jquery.min.map
[2016-11-09 16:05:21.073] [ERROR] nomel - GET /javascripts/jquery.min.map
[2016-11-09 16:05:21.380] [ERROR] nomel - GET /angularjs/angular-sanitize.min.js.map
[2016-11-09 16:05:21.384] [ERROR] nomel - GET /angularjs/angular-resource.min.js.map
[2016-11-09 16:14:57.919] [ERROR] nomel - GET /M_UD_DR_SCHED_START_RN_AID
[2016-11-09 16:15:05.151] [ERROR] nomel - GET /M_UD_DR_SCHED_START_RN_AID
[2016-11-09 16:15:07.166] [ERROR] nomel - GET /M_UD_DR_SCHED_START_RN_AID
[2016-11-09 16:15:09.511] [ERROR] nomel - GET /M_UD_DR_SCHED_START_RN_AID
[2016-11-09 16:15:29.471] [ERROR] nomel - GET /M_UD_DR_SCHED_START_RN_AID
[2016-11-09 16:15:31.159] [ERROR] nomel - GET /M_UD_DR_SCHED_START_RN_AID
[2016-11-09 16:16:30.467] [ERROR] nomel - GET /M_UD_DR_SCHED_START_RN_AID
[2016-11-09 16:16:31.967] [ERROR] nomel - GET /M_UD_DR_SCHED_START_RN_AID
[2016-11-09 16:16:33.957] [ERROR] nomel - GET /M_UD_DR_SCHED_START_RN_AID
[2016-11-09 16:16:36.291] [ERROR] nomel - GET /M_UD_DR_SCHED_START_RN_AID
[2016-11-09 16:16:39.621] [ERROR] nomel - GET /M_UD_DR_SCHED_START_RN_AID
[2016-11-09 16:16:51.871] [ERROR] nomel - GET /M_UD_DR_SCHED_START_RN_AID
[2016-11-09 16:17:54.861] [ERROR] nomel - GET /M_UD_DR_SCHED_START_RN_AID
[2016-11-09 16:17:56.538] [ERROR] nomel - GET /M_UD_DR_SCHED_START_RN_AID
[2016-11-09 16:18:52.107] [ERROR] nomel - GET /found/M_UD_DR_SCHED_START_RN_AID
[2016-11-09 16:18:55.172] [ERROR] nomel - GET /found/M_UD_DR_SCHED_START_RN_AID
[2016-11-09 16:19:11.601] [ERROR] nomel - GET /found/M_UD_DR_SCHED_START_RN_AID
[2016-11-09 16:19:13.254] [ERROR] nomel - GET /guanzhu/guangzhu
[2016-11-09 16:20:39.158] [ERROR] nomel - GET /M_UD_DR_SCHED_START_RN_AID
[2016-11-09 16:20:42.316] [ERROR] nomel - GET /M_UD_DR_SCHED_START_RN_AID
[2016-11-09 16:21:13.779] [ERROR] nomel - GET /M_UD_DR_SCHED_START_RN_AID
[2016-11-09 16:21:15.445] [ERROR] nomel - GET /M_UD_DR_SCHED_START_RN_AID
[2016-11-09 16:22:07.012] [ERROR] nomel - GET /M_UD_DR_SCHED_START_RN_AID
[2016-11-09 16:22:08.465] [ERROR] nomel - GET /M_UD_DR_SCHED_START_RN_AID
[2016-11-09 16:22:24.288] [ERROR] nomel - GET /M_UD_DR_SCHED_START_RN_AID
[2016-11-09 16:22:31.095] [ERROR] nomel - GET /M_UD_DR_SCHED_START_RN_AID
[2016-11-09 16:22:37.239] [ERROR] nomel - GET /M_UD_DR_SCHED_START_RN_AID
[2016-11-09 16:24:18.595] [ERROR] nomel - GET /M_UD_DR_SCHED_START_RN_AID
[2016-11-09 16:24:24.878] [ERROR] nomel - GET /M_UD_DR_SCHED_START_RN_AID
[2016-11-09 16:24:27.040] [ERROR] nomel - GET /M_UD_DR_SCHED_START_RN_AID
[2016-11-09 16:24:31.297] [ERROR] nomel - GET /M_UD_DR_SCHED_START_RN_AID
[2016-11-09 16:24:32.806] [ERROR] nomel - GET /M_UD_DR_SCHED_START_RN_AID
[2016-11-09 16:26:22.484] [ERROR] nomel - GET /guanzhu
[2016-11-09 16:26:24.277] [ERROR] nomel - GET /found
[2016-11-09 16:27:23.495] [ERROR] nomel - GET /guanzhu
[2016-11-09 16:27:24.983] [ERROR] nomel - GET /guanzhu
[2016-11-09 16:27:48.716] [ERROR] nomel - GET /guanzhu
[2016-11-09 16:27:50.346] [ERROR] nomel - GET /guanzhu
[2016-11-09 16:28:32.494] [ERROR] nomel - GET /guanzhu
[2016-11-09 16:28:34.196] [ERROR] nomel - GET /guanzhu
[2016-11-09 16:29:22.353] [ERROR] nomel - GET /guanzhu
[2016-11-09 16:29:25.454] [ERROR] nomel - GET /guanzhu
[2016-11-09 16:32:34.012] [ERROR] nomel - GET /a
[2016-11-09 16:32:36.139] [ERROR] nomel - GET /a
[2016-11-09 16:36:29.154] [ERROR] nomel - GET /javascripts/jquery.min.map
[2016-11-09 16:36:45.323] [ERROR] nomel - GET /javascripts/jquery.min.map
[2016-11-09 16:38:05.000] [ERROR] nomel - GET /javascripts/jquery.min.map
[2016-11-09 16:38:09.072] [ERROR] nomel - GET /javascripts/jquery.min.map
[2016-11-09 16:38:09.385] [ERROR] nomel - GET /angularjs/angular-sanitize.min.js.map
[2016-11-09 16:38:09.402] [ERROR] nomel - GET /angularjs/angular-resource.min.js.map
[2016-11-09 16:40:43.952] [ERROR] nomel - GET /javascripts/jquery.min.map
[2016-11-09 16:40:48.542] [ERROR] nomel - GET /javascripts/jquery.min.map
[2016-11-09 16:40:48.791] [ERROR] nomel - GET /angularjs/angular-sanitize.min.js.map
[2016-11-09 16:40:48.795] [ERROR] nomel - GET /angularjs/angular-resource.min.js.map
[2016-11-09 16:44:25.138] [ERROR] nomel - GET /javascripts/jquery.min.map
[2016-11-09 16:44:29.382] [ERROR] nomel - GET /javascripts/jquery.min.map
[2016-11-09 16:44:29.383] [ERROR] nomel - GET /angularjs/angular-sanitize.min.js.map
[2016-11-09 16:44:29.389] [ERROR] nomel - GET /angularjs/angular-resource.min.js.map
[2016-11-09 16:44:31.040] [ERROR] nomel - GET /found.html
[2016-11-09 16:45:03.459] [ERROR] nomel - GET /javascripts/jquery.min.map
[2016-11-09 16:45:03.460] [ERROR] nomel - GET /angularjs/angular-sanitize.min.js.map
[2016-11-09 16:45:03.460] [ERROR] nomel - GET /angularjs/angular-resource.min.js.map
[2016-11-09 16:45:06.200] [ERROR] nomel - GET /found/found.html
[2016-11-09 16:45:20.616] [ERROR] nomel - GET /javascripts/jquery.min.map
[2016-11-09 16:45:20.621] [ERROR] nomel - GET /angularjs/angular-sanitize.min.js.map
[2016-11-09 16:45:20.624] [ERROR] nomel - GET /angularjs/angular-resource.min.js.map
[2016-11-09 16:45:22.014] [ERROR] nomel - GET /found/found.html
[2016-11-09 16:45:42.924] [ERROR] nomel - GET /javascripts/jquery.min.map
[2016-11-09 16:45:47.001] [ERROR] nomel - GET /javascripts/jquery.min.map
[2016-11-09 16:45:47.014] [ERROR] nomel - GET /angularjs/angular-sanitize.min.js.map
[2016-11-09 16:45:47.027] [ERROR] nomel - GET /angularjs/angular-resource.min.js.map
[2016-11-09 16:45:48.844] [ERROR] nomel - GET /view/found/found.html
[2016-11-09 16:46:21.074] [ERROR] nomel - GET /javascripts/jquery.min.map
[2016-11-09 16:46:21.077] [ERROR] nomel - GET /angularjs/angular-sanitize.min.js.map
[2016-11-09 16:46:21.079] [ERROR] nomel - GET /angularjs/angular-resource.min.js.map
[2016-11-09 16:48:43.289] [ERROR] nomel - GET /javascripts/jquery.min.map
[2016-11-09 16:48:47.552] [ERROR] nomel - GET /javascripts/jquery.min.map
[2016-11-09 16:48:47.556] [ERROR] nomel - GET /angularjs/angular-sanitize.min.js.map
[2016-11-09 16:48:47.557] [ERROR] nomel - GET /angularjs/angular-resource.min.js.map
[2016-11-09 16:48:49.306] [ERROR] nomel - GET /found
[2016-11-09 16:50:11.382] [ERROR] nomel - GET /javascripts/jquery.min.map
[2016-11-09 16:50:15.622] [ERROR] nomel - GET /javascripts/jquery.min.map
[2016-11-09 16:50:15.631] [ERROR] nomel - GET /angularjs/angular-sanitize.min.js.map
[2016-11-09 16:50:15.631] [ERROR] nomel - GET /angularjs/angular-resource.min.js.map
[2016-11-09 16:50:17.786] [ERROR] nomel - GET /found
[2016-11-09 16:50:40.082] [ERROR] nomel - GET /javascripts/jquery.min.map
[2016-11-09 16:50:40.094] [ERROR] nomel - GET /angularjs/angular-sanitize.min.js.map
[2016-11-09 16:50:40.094] [ERROR] nomel - GET /angularjs/angular-resource.min.js.map
[2016-11-09 16:50:41.187] [ERROR] nomel - GET /found
[2016-11-09 16:50:44.923] [ERROR] nomel - GET /javascripts/jquery.min.map
[2016-11-09 16:50:44.924] [ERROR] nomel - GET /angularjs/angular-sanitize.min.js.map
[2016-11-09 16:50:44.930] [ERROR] nomel - GET /angularjs/angular-resource.min.js.map
[2016-11-09 16:50:57.697] [ERROR] nomel - GET /javascripts/jquery.min.map
[2016-11-09 16:51:02.640] [ERROR] nomel - GET /javascripts/jquery.min.map
[2016-11-09 16:51:02.644] [ERROR] nomel - GET /angularjs/angular-sanitize.min.js.map
[2016-11-09 16:51:02.646] [ERROR] nomel - GET /angularjs/angular-resource.min.js.map
[2016-11-09 16:53:52.677] [ERROR] nomel - GET /javascripts/jquery.min.map
[2016-11-09 16:53:57.167] [ERROR] nomel - GET /javascripts/jquery.min.map
[2016-11-09 16:53:57.181] [ERROR] nomel - GET /angularjs/angular-sanitize.min.js.map
[2016-11-09 16:53:57.190] [ERROR] nomel - GET /angularjs/angular-resource.min.js.map
[2016-11-09 16:55:35.866] [ERROR] nomel - GET /javascripts/jquery.min.map
[2016-11-09 16:55:40.451] [ERROR] nomel - GET /javascripts/jquery.min.map
[2016-11-09 16:55:40.454] [ERROR] nomel - GET /angularjs/angular-sanitize.min.js.map
[2016-11-09 16:55:40.457] [ERROR] nomel - GET /angularjs/angular-resource.min.js.map
[2016-11-09 16:56:23.044] [ERROR] nomel - GET /javascripts/jquery.min.map
[2016-11-09 16:56:23.050] [ERROR] nomel - GET /angularjs/angular-sanitize.min.js.map
[2016-11-09 16:56:23.051] [ERROR] nomel - GET /angularjs/angular-resource.min.js.map
[2016-11-09 16:56:24.124] [ERROR] nomel - GET /M_UD_DR_SCHED_START_RN_AID
[2016-11-09 16:58:22.180] [ERROR] nomel - GET /javascripts/jquery.min.map
[2016-11-09 16:58:27.689] [ERROR] nomel - GET /javascripts/jquery.min.map
[2016-11-09 16:58:27.690] [ERROR] nomel - GET /angularjs/angular-sanitize.min.js.map
[2016-11-09 16:58:27.694] [ERROR] nomel - GET /angularjs/angular-resource.min.js.map
[2016-11-09 17:01:07.978] [ERROR] nomel - GET /javascripts/jquery.min.map
[2016-11-09 17:01:12.908] [ERROR] nomel - GET /javascripts/jquery.min.map
[2016-11-09 17:01:12.909] [ERROR] nomel - GET /angularjs/angular-sanitize.min.js.map
[2016-11-09 17:01:12.909] [ERROR] nomel - GET /angularjs/angular-resource.min.js.map
[2016-11-09 17:06:36.118] [ERROR] nomel - GET /javascripts/jquery.min.map
[2016-11-09 17:06:36.124] [ERROR] nomel - GET /angularjs/angular-sanitize.min.js.map
[2016-11-09 17:06:36.130] [ERROR] nomel - GET /angularjs/angular-resource.min.js.map
[2016-11-09 17:07:31.371] [ERROR] nomel - GET /javascripts/jquery.min.map
[2016-11-09 17:07:47.190] [ERROR] nomel - GET /javascripts/jquery.min.map
[2016-11-09 17:07:47.195] [ERROR] nomel - GET /angularjs/angular-sanitize.min.js.map
[2016-11-09 17:07:47.200] [ERROR] nomel - GET /angularjs/angular-resource.min.js.map
[2016-11-10 00:02:51.284] [ERROR] nomel - GET /javascripts/jquery.min.map
[2016-11-10 00:02:56.023] [ERROR] nomel - GET /javascripts/jquery.min.map
[2016-11-10 00:02:56.359] [ERROR] nomel - GET /angularjs/angular-sanitize.min.js.map
[2016-11-10 00:02:56.363] [ERROR] nomel - GET /angularjs/angular-resource.min.js.map
[2016-11-10 00:08:19.047] [ERROR] nomel - GET /javascripts/jquery.min.map
[2016-11-10 00:08:23.112] [ERROR] nomel - GET /javascripts/jquery.min.map
[2016-11-10 00:08:23.431] [ERROR] nomel - GET /angularjs/angular-sanitize.min.js.map
[2016-11-10 00:08:23.437] [ERROR] nomel - GET /angularjs/angular-resource.min.js.map
[2016-11-10 00:13:44.610] [ERROR] nomel - GET /javascripts/jquery.min.map
[2016-11-10 00:13:49.863] [ERROR] nomel - GET /javascripts/jquery.min.map
[2016-11-10 00:13:50.183] [ERROR] nomel - GET /angularjs/angular-sanitize.min.js.map
[2016-11-10 00:13:50.186] [ERROR] nomel - GET /angularjs/angular-resource.min.js.map
[2016-11-10 00:24:21.556] [ERROR] nomel - GET /javascripts/jquery.min.map
[2016-11-10 00:24:31.190] [ERROR] nomel - GET /javascripts/jquery.min.map
[2016-11-10 00:24:31.222] [ERROR] nomel - GET /angularjs/angular-sanitize.min.js.map
[2016-11-10 00:24:31.226] [ERROR] nomel - GET /angularjs/angular-resource.min.js.map
[2016-11-10 00:25:34.853] [ERROR] nomel - GET /javascripts/jquery.min.map
[2016-11-10 00:25:39.793] [ERROR] nomel - GET /javascripts/jquery.min.map
[2016-11-10 00:25:40.175] [ERROR] nomel - GET /angularjs/angular-sanitize.min.js.map
[2016-11-10 00:25:40.177] [ERROR] nomel - GET /angularjs/angular-resource.min.js.map
[2016-11-10 00:26:07.230] [ERROR] nomel - GET /M_UD_DR_STEP_DTL_RN_STPDTLID.html
[2016-11-10 00:26:09.910] [ERROR] nomel - GET /javascripts/jquery.min.map
[2016-11-10 00:26:10.194] [ERROR] nomel - GET /angularjs/angular-sanitize.min.js.map
[2016-11-10 00:26:10.198] [ERROR] nomel - GET /angularjs/angular-resource.min.js.map
[2016-11-10 00:39:53.509] [ERROR] nomel - GET /javascripts/jquery.min.map
[2016-11-10 00:40:37.564] [ERROR] nomel - GET /javascripts/jquery.min.map
[2016-11-10 00:40:41.691] [ERROR] nomel - GET /javascripts/jquery.min.map
[2016-11-10 00:40:42.117] [ERROR] nomel - GET /angularjs/angular-sanitize.min.js.map
[2016-11-10 00:40:42.120] [ERROR] nomel - GET /angularjs/angular-resource.min.js.map
[2016-11-10 00:41:22.738] [ERROR] nomel - GET /M_DL_DR_SCHED_RN.html
[2016-11-10 01:30:16.665] [ERROR] nomel - GET /css/mainStyling.css
[2016-11-10 01:30:34.715] [ERROR] nomel - GET /css/mainStyling.css
[2016-11-10 01:39:08.633] [ERROR] nomel - GET /javascripts/jquery.min.map
[2016-11-10 01:41:27.996] [ERROR] nomel - GET /javascripts/jquery.min.map
[2016-11-10 01:41:33.251] [ERROR] nomel - GET /javascripts/jquery.min.map
[2016-11-10 01:41:33.768] [ERROR] nomel - GET /angularjs/angular-sanitize.min.js.map
[2016-11-10 01:41:33.773] [ERROR] nomel - GET /angularjs/angular-resource.min.js.map
[2016-11-10 01:41:52.320] [ERROR] nomel - GET /index.html
[2016-11-10 01:42:22.826] [ERROR] nomel - GET /javascripts/jquery.min.map
[2016-11-10 01:42:22.964] [ERROR] nomel - GET /angularjs/angular-sanitize.min.js.map
[2016-11-10 01:42:22.969] [ERROR] nomel - GET /angularjs/angular-resource.min.js.map
[2016-11-10 01:45:16.849] [ERROR] nomel - GET /javascripts/jquery.min.map
[2016-11-10 01:46:23.207] [ERROR] nomel - GET /javascripts/jquery.min.map
[2016-11-10 01:46:28.139] [ERROR] nomel - GET /javascripts/jquery.min.map
[2016-11-10 01:46:28.451] [ERROR] nomel - GET /angularjs/angular-sanitize.min.js.map
[2016-11-10 01:46:28.453] [ERROR] nomel - GET /angularjs/angular-resource.min.js.map
[2016-11-10 01:47:24.949] [ERROR] nomel - GET /javascripts/jquery.min.map
[2016-11-10 01:47:25.331] [ERROR] nomel - GET /angularjs/angular-sanitize.min.js.map
[2016-11-10 01:47:25.334] [ERROR] nomel - GET /angularjs/angular-resource.min.js.map
[2016-11-10 01:47:56.218] [ERROR] nomel - GET /javascripts/jquery.min.map
[2016-11-10 01:48:00.526] [ERROR] nomel - GET /javascripts/jquery.min.map
[2016-11-10 01:48:00.862] [ERROR] nomel - GET /angularjs/angular-sanitize.min.js.map
[2016-11-10 01:48:00.867] [ERROR] nomel - GET /angularjs/angular-resource.min.js.map
[2016-11-10 01:48:03.759] [ERROR] nomel - GET /jquery.min.map
[2016-11-10 01:48:13.656] [ERROR] nomel - GET /jquery.min.map
[2016-11-10 02:01:32.159] [ERROR] nomel - GET /javascripts/jquery.min.map
[2016-11-10 02:01:37.639] [ERROR] nomel - GET /javascripts/jquery.min.map
[2016-11-10 02:01:37.950] [ERROR] nomel - GET /angularjs/angular-sanitize.min.js.map
[2016-11-10 02:01:37.955] [ERROR] nomel - GET /angularjs/angular-resource.min.js.map
[2016-11-10 02:03:02.133] [ERROR] nomel - GET /javascripts/jquery.min.map
[2016-11-10 02:03:07.114] [ERROR] nomel - GET /javascripts/jquery.min.map
[2016-11-10 02:03:07.124] [ERROR] nomel - GET /angularjs/angular-sanitize.min.js.map
[2016-11-10 02:03:07.126] [ERROR] nomel - GET /angularjs/angular-resource.min.js.map
[2016-11-10 02:03:08.841] [ERROR] nomel - GET /javascripts/jquery.min.map
[2016-11-10 02:03:13.648] [ERROR] nomel - GET /javascripts/jquery.min.map
[2016-11-10 02:03:13.655] [ERROR] nomel - GET /angularjs/angular-sanitize.min.js.map
[2016-11-10 02:03:13.655] [ERROR] nomel - GET /angularjs/angular-resource.min.js.map
[2016-11-10 02:04:00.637] [ERROR] nomel - GET /javascripts/jquery.min.map
[2016-11-10 02:04:33.601] [ERROR] nomel - GET /javascripts/jquery.min.map
[2016-11-10 02:04:34.834] [ERROR] nomel - GET /javascripts/jquery.min.map
[2016-11-10 02:04:35.894] [ERROR] nomel - GET /javascripts/jquery.min.map
[2016-11-10 02:04:40.350] [ERROR] nomel - GET /javascripts/jquery.min.map
[2016-11-10 02:04:40.513] [ERROR] nomel - GET /angularjs/angular-sanitize.min.js.map
[2016-11-10 02:04:40.518] [ERROR] nomel - GET /angularjs/angular-resource.min.js.map
[2016-11-10 02:04:43.158] [ERROR] nomel - GET /index
[2016-11-10 02:05:21.228] [ERROR] nomel - GET /index
[2016-11-10 02:05:24.384] [ERROR] nomel - GET /javascripts/jquery.min.map
[2016-11-10 02:05:24.389] [ERROR] nomel - GET /angularjs/angular-sanitize.min.js.map
[2016-11-10 02:05:24.470] [ERROR] nomel - GET /angularjs/angular-resource.min.js.map
[2016-11-10 02:05:26.331] [ERROR] nomel - GET /javascripts/jquery.min.map
[2016-11-10 02:05:31.765] [ERROR] nomel - GET /javascripts/jquery.min.map
[2016-11-10 02:05:31.772] [ERROR] nomel - GET /angularjs/angular-sanitize.min.js.map
[2016-11-10 02:05:31.773] [ERROR] nomel - GET /angularjs/angular-resource.min.js.map
[2016-11-10 02:05:33.723] [ERROR] nomel - GET /javascripts/jquery.min.map
[2016-11-10 02:05:38.871] [ERROR] nomel - GET /javascripts/jquery.min.map
[2016-11-10 02:05:38.876] [ERROR] nomel - GET /angularjs/angular-sanitize.min.js.map
[2016-11-10 02:05:38.876] [ERROR] nomel - GET /angularjs/angular-resource.min.js.map
[2016-11-10 02:32:05.735] [ERROR] nomel - GET /javascripts/jquery.min.map
[2016-11-10 02:32:11.917] [ERROR] nomel - GET /javascripts/jquery.min.map
[2016-11-10 02:32:11.926] [ERROR] nomel - GET /angularjs/angular-sanitize.min.js.map
[2016-11-10 02:32:11.926] [ERROR] nomel - GET /angularjs/angular-resource.min.js.map
[2016-11-10 02:32:30.402] [ERROR] nomel - GET /javascripts/jquery.min.map
[2016-11-10 02:39:17.759] [ERROR] nomel - GET /javascripts/jquery.min.map
[2016-11-10 02:39:48.460] [ERROR] nomel - GET /javascripts/jquery.min.map
[2016-11-10 02:39:51.201] [ERROR] nomel - GET /javascripts/jquery.min.map
[2016-11-10 02:41:10.396] [ERROR] nomel - GET /javascripts/jquery.min.map
[2016-11-10 02:41:38.686] [ERROR] nomel - GET /javascripts/jquery.min.map
[2016-11-10 02:42:09.207] [ERROR] nomel - GET /javascripts/jquery.min.map
[2016-11-10 02:43:09.218] [ERROR] nomel - GET /javascripts/jquery.min.map
[2016-11-10 02:43:20.775] [ERROR] nomel - GET /javascripts/jquery.min.map
[2016-11-10 02:43:43.905] [ERROR] nomel - GET /javascripts/jquery.min.map
[2016-11-10 02:43:46.337] [ERROR] nomel - GET /javascripts/jquery.min.map
[2016-11-10 02:44:11.171] [ERROR] nomel - GET /javascripts/jquery.min.map
[2016-11-10 02:44:16.831] [ERROR] nomel - GET /javascripts/jquery.min.map
[2016-11-10 02:44:25.826] [ERROR] nomel - GET /javascripts/jquery.min.map
[2016-11-10 02:44:42.153] [ERROR] nomel - GET /javascripts/jquery.min.map
[2016-11-10 02:44:50.951] [ERROR] nomel - GET /javascripts/jquery.min.map
[2016-11-10 02:45:05.665] [ERROR] nomel - GET /javascripts/jquery.min.map
[2016-11-10 02:45:06.016] [ERROR] nomel - GET /angularjs/angular-sanitize.min.js.map
[2016-11-10 02:45:06.021] [ERROR] nomel - GET /angularjs/angular-resource.min.js.map
[2016-11-10 02:55:13.751] [ERROR] nomel - GET /
[2016-11-10 02:57:07.234] [ERROR] nomel - GET /
[2016-11-10 03:07:20.500] [ERROR] nomel - GET /
[2016-11-10 03:08:56.826] [ERROR] nomel - GET /
[2016-11-10 03:13:10.770] [ERROR] nomel - GET /javascripts/jquery.min.map
[2016-11-10 03:13:10.779] [ERROR] nomel - GET /angularjs/angular-resource.min.js.map
[2016-11-10 03:13:10.779] [ERROR] nomel - GET /angularjs/angular-sanitize.min.js.map
[2016-11-10 03:13:51.555] [ERROR] nomel - GET /home
[2016-11-10 03:14:57.714] [ERROR] nomel - GET /
[2016-11-10 03:16:34.396] [ERROR] nomel - GET /
[2016-11-10 14:20:53.572] [ERROR] nomel - GET /favicon.ico
[2016-11-14 18:03:57.804] [ERROR] nomel - GET /favicon.ico
[2016-11-14 18:04:04.923] [ERROR] nomel - GET /common/images/favicon.ico
